-c C:/esp/esp-adf/components/audio_pipeline/audio_element.c
C:/esp/esp-adf/components/audio_pipeline/audio_element.c:109:5: error: unknown type name 'xSemaphoreHandle'
  109 |     xSemaphoreHandle            lock;
      |     ^~~~~~~~~~~~~~~~
C:/esp/esp-adf/components/audio_pipeline/audio_element.c: In function 'audio_element_set_uri':
C:/esp/esp-adf/components/audio_pipeline/audio_element.c:564:18: warning: passing argument 1 of 'mutex_lock' makes pointer from integer without a cast [-Wint-conversion]
  564 |     mutex_lock(el->lock);
      |                ~~^~~~~~
      |                  |
      |                  int
In file included from C:/esp/esp-adf/components/audio_pipeline/audio_element.c:35:
C:/esp/esp-adf/components/audio_sal/include/audio_mutex.h:60:22: note: expected 'void *' but argument is of type 'int'
   60 | int mutex_lock(void *mutex);
      |                ~~~~~~^~~~~
In file included from C:/esp/esp-adf/components/audio_pipeline/audio_element.c:36:
C:/esp/esp-adf/components/audio_pipeline/audio_element.c:573:28: warning: passing argument 1 of 'mutex_unlock' makes pointer from integer without a cast [-Wint-conversion]
  573 |             mutex_unlock(el->lock);
      |                          ~~^~~~~~
      |                            |
      |                            int
C:/esp/esp-adf/components/audio_sal/include/audio_error.h:72:9: note: in definition of macro 'AUDIO_CHECK'
   72 |         action;                                                                          \
      |         ^~~~~~
C:/esp/esp-adf/components/audio_pipeline/audio_element.c:572:9: note: in expansion of macro 'AUDIO_MEM_CHECK'
  572 |         AUDIO_MEM_CHECK(TAG, el->info.uri, {
      |         ^~~~~~~~~~~~~~~
C:/esp/esp-adf/components/audio_sal/include/audio_mutex.h:69:24: note: expected 'void *' but argument is of type 'int'
   69 | int mutex_unlock(void *mutex);
      |                  ~~~~~~^~~~~
C:/esp/esp-adf/components/audio_pipeline/audio_element.c:577:20: warning: passing argument 1 of 'mutex_unlock' makes pointer from integer without a cast [-Wint-conversion]
  577 |     mutex_unlock(el->lock);
      |                  ~~^~~~~~
      |                    |
      |                    int
C:/esp/esp-adf/components/audio_sal/include/audio_mutex.h:69:24: note: expected 'void *' but argument is of type 'int'
   69 | int mutex_unlock(void *mutex);
      |                  ~~~~~~^~~~~
C:/esp/esp-adf/components/audio_pipeline/audio_element.c: In function 'audio_element_get_uri':
C:/esp/esp-adf/components/audio_pipeline/audio_element.c:583:18: warning: passing argument 1 of 'mutex_lock' makes pointer from integer without a cast [-Wint-conversion]
  583 |     mutex_lock(el->lock);
      |                ~~^~~~~~
      |                  |
      |                  int
C:/esp/esp-adf/components/audio_sal/include/audio_mutex.h:60:22: note: expected 'void *' but argument is of type 'int'
   60 | int mutex_lock(void *mutex);
      |                ~~~~~~^~~~~
C:/esp/esp-adf/components/audio_pipeline/audio_element.c:585:20: warning: passing argument 1 of 'mutex_unlock' makes pointer from integer without a cast [-Wint-conversion]
  585 |     mutex_unlock(el->lock);
      |                  ~~^~~~~~
      |                    |
      |                    int
C:/esp/esp-adf/components/audio_sal/include/audio_mutex.h:69:24: note: expected 'void *' but argument is of type 'int'
   69 | int mutex_unlock(void *mutex);
      |                  ~~~~~~^~~~~
C:/esp/esp-adf/components/audio_pipeline/audio_element.c: In function 'audio_element_setinfo':
C:/esp/esp-adf/components/audio_pipeline/audio_element.c:611:22: warning: passing argument 1 of 'mutex_lock' makes pointer from integer without a cast [-Wint-conversion]
  611 |         mutex_lock(el->lock);
      |                    ~~^~~~~~
      |                      |
      |                      int
C:/esp/esp-adf/components/audio_sal/include/audio_mutex.h:60:22: note: expected 'void *' but argument is of type 'int'
   60 | int mutex_lock(void *mutex);
      |                ~~~~~~^~~~~
C:/esp/esp-adf/components/audio_pipeline/audio_element.c:613:24: warning: passing argument 1 of 'mutex_unlock' makes pointer from integer without a cast [-Wint-conversion]
  613 |         mutex_unlock(el->lock);
      |                      ~~^~~~~~
      |                        |
      |                        int
C:/esp/esp-adf/components/audio_sal/include/audio_mutex.h:69:24: note: expected 'void *' but argument is of type 'int'
   69 | int mutex_unlock(void *mutex);
      |                  ~~~~~~^~~~~
C:/esp/esp-adf/components/audio_pipeline/audio_element.c: In function 'audio_element_getinfo':
C:/esp/esp-adf/components/audio_pipeline/audio_element.c:622:22: warning: passing argument 1 of 'mutex_lock' makes pointer from integer without a cast [-Wint-conversion]
  622 |         mutex_lock(el->lock);
      |                    ~~^~~~~~
      |                      |
      |                      int
C:/esp/esp-adf/components/audio_sal/include/audio_mutex.h:60:22: note: expected 'void *' but argument is of type 'int'
   60 | int mutex_lock(void *mutex);
      |                ~~~~~~^~~~~
C:/esp/esp-adf/components/audio_pipeline/audio_element.c:624:24: warning: passing argument 1 of 'mutex_unlock' makes pointer from integer without a cast [-Wint-conversion]
  624 |         mutex_unlock(el->lock);
      |                      ~~^~~~~~
      |                        |
      |                        int
C:/esp/esp-adf/components/audio_sal/include/audio_mutex.h:69:24: note: expected 'void *' but argument is of type 'int'
   69 | int mutex_unlock(void *mutex);
      |                  ~~~~~~^~~~~
C:/esp/esp-adf/components/audio_pipeline/audio_element.c: In function 'audio_element_wait_for_stop':
C:/esp/esp-adf/components/audio_pipeline/audio_element.c:40:43: error: 'portTICK_RATE_MS' undeclared (first use in this function); did you mean 'portTICK_PERIOD_MS'?
   40 | #define DEFAULT_MAX_WAIT_TIME       (2000/portTICK_RATE_MS)
      |                                           ^~~~~~~~~~~~~~~~
C:/esp/esp-adf/components/audio_pipeline/audio_element.c:917:89: note: in expansion of macro 'DEFAULT_MAX_WAIT_TIME'
  917 |     EventBits_t uxBits = xEventGroupWaitBits(el->state_event, STOPPED_BIT, false, true, DEFAULT_MAX_WAIT_TIME);
      |                                                                                         ^~~~~~~~~~~~~~~~~~~~~
C:/esp/esp-adf/components/audio_pipeline/audio_element.c:40:43: note: each undeclared identifier is reported only once for each function it appears in
   40 | #define DEFAULT_MAX_WAIT_TIME       (2000/portTICK_RATE_MS)
      |                                           ^~~~~~~~~~~~~~~~
C:/esp/esp-adf/components/audio_pipeline/audio_element.c:917:89: note: in expansion of macro 'DEFAULT_MAX_WAIT_TIME'
  917 |     EventBits_t uxBits = xEventGroupWaitBits(el->state_event, STOPPED_BIT, false, true, DEFAULT_MAX_WAIT_TIME);
      |                                                                                         ^~~~~~~~~~~~~~~~~~~~~
C:/esp/esp-adf/components/audio_pipeline/audio_element.c: In function 'audio_element_init':
C:/esp/esp-adf/components/audio_pipeline/audio_element.c:958:33: warning: assignment to 'int' from 'void *' makes integer from pointer without a cast [-Wint-conversion]
  958 |             (el->lock           = mutex_create())                   &&
      |                                 ^
C:/esp/esp-adf/components/audio_pipeline/audio_element.c:1029:25: warning: passing argument 1 of 'mutex_destroy' makes pointer from integer without a cast [-Wint-conversion]
 1029 |         mutex_destroy(el->lock);
      |                       ~~^~~~~~
      |                         |
      |                         int
C:/esp/esp-adf/components/audio_sal/include/audio_mutex.h:51:25: note: expected 'void *' but argument is of type 'int'
   51 | int mutex_destroy(void *mutex);
      |                   ~~~~~~^~~~~
C:/esp/esp-adf/components/audio_pipeline/audio_element.c: In function 'audio_element_deinit':
C:/esp/esp-adf/components/audio_pipeline/audio_element.c:1079:21: warning: passing argument 1 of 'mutex_destroy' makes pointer from integer without a cast [-Wint-conversion]
 1079 |     mutex_destroy(el->lock);
      |                   ~~^~~~~~
      |                     |
      |                     int
C:/esp/esp-adf/components/audio_sal/include/audio_mutex.h:51:25: note: expected 'void *' but argument is of type 'int'
   51 | int mutex_destroy(void *mutex);
      |                   ~~~~~~^~~~~
C:/esp/esp-adf/components/audio_pipeline/audio_element.c:1080:14: warning: assignment to 'int' from 'void *' makes integer from pointer without a cast [-Wint-conversion]
 1080 |     el->lock = NULL;
      |              ^
C:/esp/esp-adf/components/audio_pipeline/audio_element.c: In function 'audio_element_run':
C:/esp/esp-adf/components/audio_pipeline/audio_element.c:40:43: error: 'portTICK_RATE_MS' undeclared (first use in this function); did you mean 'portTICK_PERIOD_MS'?
   40 | #define DEFAULT_MAX_WAIT_TIME       (2000/portTICK_RATE_MS)
      |                                           ^~~~~~~~~~~~~~~~
C:/esp/esp-adf/components/audio_pipeline/audio_element.c:1106:98: note: in expansion of macro 'DEFAULT_MAX_WAIT_TIME'
 1106 |         EventBits_t uxBits = xEventGroupWaitBits(el->state_event, TASK_CREATED_BIT, false, true, DEFAULT_MAX_WAIT_TIME);
      |                                                                                                  ^~~~~~~~~~~~~~~~~~~~~
C:/esp/esp-adf/components/audio_pipeline/audio_element.c: In function 'audio_element_terminate':
C:/esp/esp-adf/components/audio_pipeline/audio_element.c:40:43: error: 'portTICK_RATE_MS' undeclared (first use in this function); did you mean 'portTICK_PERIOD_MS'?
   40 | #define DEFAULT_MAX_WAIT_TIME       (2000/portTICK_RATE_MS)
      |                                           ^~~~~~~~~~~~~~~~
C:/esp/esp-adf/components/audio_pipeline/audio_element.c:1151:37: note: in expansion of macro 'DEFAULT_MAX_WAIT_TIME'
 1151 |     return __audio_element_term(el, DEFAULT_MAX_WAIT_TIME);
      |                                     ^~~~~~~~~~~~~~~~~~~~~
C:/esp/esp-adf/components/audio_pipeline/audio_element.c: In function 'audio_element_pause':
C:/esp/esp-adf/components/audio_pipeline/audio_element.c:40:43: error: 'portTICK_RATE_MS' undeclared (first use in this function); did you mean 'portTICK_PERIOD_MS'?
   40 | #define DEFAULT_MAX_WAIT_TIME       (2000/portTICK_RATE_MS)
      |                                           ^~~~~~~~~~~~~~~~
C:/esp/esp-adf/components/audio_pipeline/audio_element.c:1189:88: note: in expansion of macro 'DEFAULT_MAX_WAIT_TIME'
 1189 |     EventBits_t uxBits = xEventGroupWaitBits(el->state_event, PAUSED_BIT, false, true, DEFAULT_MAX_WAIT_TIME);
      |                                                                                        ^~~~~~~~~~~~~~~~~~~~~
C:/esp/esp-adf/components/audio_pipeline/audio_element.c: In function 'audio_element_update_byte_pos':
C:/esp/esp-adf/components/audio_pipeline/audio_element.c:1381:22: warning: passing argument 1 of 'mutex_lock' makes pointer from integer without a cast [-Wint-conversion]
 1381 |         mutex_lock(el->lock);
      |                    ~~^~~~~~
      |                      |
      |                      int
C:/esp/esp-adf/components/audio_sal/include/audio_mutex.h:60:22: note: expected 'void *' but argument is of type 'int'
   60 | int mutex_lock(void *mutex);
      |                ~~~~~~^~~~~
C:/esp/esp-adf/components/audio_pipeline/audio_element.c:1383:24: warning: passing argument 1 of 'mutex_unlock' makes pointer from integer without a cast [-Wint-conversion]
 1383 |         mutex_unlock(el->lock);
      |                      ~~^~~~~~
      |                        |
      |                        int
C:/esp/esp-adf/components/audio_sal/include/audio_mutex.h:69:24: note: expected 'void *' but argument is of type 'int'
   69 | int mutex_unlock(void *mutex);
      |                  ~~~~~~^~~~~
C:/esp/esp-adf/components/audio_pipeline/audio_element.c: In function 'audio_element_set_byte_pos':
C:/esp/esp-adf/components/audio_pipeline/audio_element.c:1392:22: warning: passing argument 1 of 'mutex_lock' makes pointer from integer without a cast [-Wint-conversion]
 1392 |         mutex_lock(el->lock);
      |                    ~~^~~~~~
      |                      |
      |                      int
C:/esp/esp-adf/components/audio_sal/include/audio_mutex.h:60:22: note: expected 'void *' but argument is of type 'int'
   60 | int mutex_lock(void *mutex);
      |                ~~~~~~^~~~~
C:/esp/esp-adf/components/audio_pipeline/audio_element.c:1394:24: warning: passing argument 1 of 'mutex_unlock' makes pointer from integer without a cast [-Wint-conversion]
 1394 |         mutex_unlock(el->lock);
      |                      ~~^~~~~~
      |                        |
      |                        int
C:/esp/esp-adf/components/audio_sal/include/audio_mutex.h:69:24: note: expected 'void *' but argument is of type 'int'
   69 | int mutex_unlock(void *mutex);
      |                  ~~~~~~^~~~~
C:/esp/esp-adf/components/audio_pipeline/audio_element.c: In function 'audio_element_update_total_bytes':
C:/esp/esp-adf/components/audio_pipeline/audio_element.c:1403:22: warning: passing argument 1 of 'mutex_lock' makes pointer from integer without a cast [-Wint-conversion]
 1403 |         mutex_lock(el->lock);
      |                    ~~^~~~~~
      |                      |
      |                      int
C:/esp/esp-adf/components/audio_sal/include/audio_mutex.h:60:22: note: expected 'void *' but argument is of type 'int'
   60 | int mutex_lock(void *mutex);
      |                ~~~~~~^~~~~
C:/esp/esp-adf/components/audio_pipeline/audio_element.c:1405:24: warning: passing argument 1 of 'mutex_unlock' makes pointer from integer without a cast [-Wint-conversion]
 1405 |         mutex_unlock(el->lock);
      |                      ~~^~~~~~
      |                        |
      |                        int
C:/esp/esp-adf/components/audio_sal/include/audio_mutex.h:69:24: note: expected 'void *' but argument is of type 'int'
   69 | int mutex_unlock(void *mutex);
      |                  ~~~~~~^~~~~
C:/esp/esp-adf/components/audio_pipeline/audio_element.c: In function 'audio_element_set_total_bytes':
C:/esp/esp-adf/components/audio_pipeline/audio_element.c:1414:22: warning: passing argument 1 of 'mutex_lock' makes pointer from integer without a cast [-Wint-conversion]
 1414 |         mutex_lock(el->lock);
      |                    ~~^~~~~~
      |                      |
      |                      int
C:/esp/esp-adf/components/audio_sal/include/audio_mutex.h:60:22: note: expected 'void *' but argument is of type 'int'
   60 | int mutex_lock(void *mutex);
      |                ~~~~~~^~~~~
C:/esp/esp-adf/components/audio_pipeline/audio_element.c:1416:24: warning: passing argument 1 of 'mutex_unlock' makes pointer from integer without a cast [-Wint-conversion]
 1416 |         mutex_unlock(el->lock);
      |                      ~~^~~~~~
      |                        |
      |                        int
C:/esp/esp-adf/components/audio_sal/include/audio_mutex.h:69:24: note: expected 'void *' but argument is of type 'int'
   69 | int mutex_unlock(void *mutex);
      |                  ~~~~~~^~~~~
C:/esp/esp-adf/components/audio_pipeline/audio_element.c: In function 'audio_element_set_bps':
C:/esp/esp-adf/components/audio_pipeline/audio_element.c:1425:22: warning: passing argument 1 of 'mutex_lock' makes pointer from integer without a cast [-Wint-conversion]
 1425 |         mutex_lock(el->lock);
      |                    ~~^~~~~~
      |                      |
      |                      int
C:/esp/esp-adf/components/audio_sal/include/audio_mutex.h:60:22: note: expected 'void *' but argument is of type 'int'
   60 | int mutex_lock(void *mutex);
      |                ~~~~~~^~~~~
C:/esp/esp-adf/components/audio_pipeline/audio_element.c:1427:24: warning: passing argument 1 of 'mutex_unlock' makes pointer from integer without a cast [-Wint-conversion]
 1427 |         mutex_unlock(el->lock);
      |                      ~~^~~~~~
      |                        |
      |                        int
C:/esp/esp-adf/components/audio_sal/include/audio_mutex.h:69:24: note: expected 'void *' but argument is of type 'int'
   69 | int mutex_unlock(void *mutex);
      |                  ~~~~~~^~~~~
C:/esp/esp-adf/components/audio_pipeline/audio_element.c: In function 'audio_element_set_codec_fmt':
C:/esp/esp-adf/components/audio_pipeline/audio_element.c:1436:22: warning: passing argument 1 of 'mutex_lock' makes pointer from integer without a cast [-Wint-conversion]
 1436 |         mutex_lock(el->lock);
      |                    ~~^~~~~~
      |                      |
      |                      int
C:/esp/esp-adf/components/audio_sal/include/audio_mutex.h:60:22: note: expected 'void *' but argument is of type 'int'
   60 | int mutex_lock(void *mutex);
      |                ~~~~~~^~~~~
C:/esp/esp-adf/components/audio_pipeline/audio_element.c:1438:24: warning: passing argument 1 of 'mutex_unlock' makes pointer from integer without a cast [-Wint-conversion]
 1438 |         mutex_unlock(el->lock);
      |                      ~~^~~~~~
      |                        |
      |                        int
C:/esp/esp-adf/components/audio_sal/include/audio_mutex.h:69:24: note: expected 'void *' but argument is of type 'int'
   69 | int mutex_unlock(void *mutex);
      |                  ~~~~~~^~~~~
C:/esp/esp-adf/components/audio_pipeline/audio_element.c: In function 'audio_element_set_music_info':
C:/esp/esp-adf/components/audio_pipeline/audio_element.c:1447:22: warning: passing argument 1 of 'mutex_lock' makes pointer from integer without a cast [-Wint-conversion]
 1447 |         mutex_lock(el->lock);
      |                    ~~^~~~~~
      |                      |
      |                      int
C:/esp/esp-adf/components/audio_sal/include/audio_mutex.h:60:22: note: expected 'void *' but argument is of type 'int'
   60 | int mutex_lock(void *mutex);
      |                ~~~~~~^~~~~
C:/esp/esp-adf/components/audio_pipeline/audio_element.c:1451:24: warning: passing argument 1 of 'mutex_unlock' makes pointer from integer without a cast [-Wint-conversion]
 1451 |         mutex_unlock(el->lock);
      |                      ~~^~~~~~
      |                        |
      |                        int
C:/esp/esp-adf/components/audio_sal/include/audio_mutex.h:69:24: note: expected 'void *' but argument is of type 'int'
   69 | int mutex_unlock(void *mutex);
      |                  ~~~~~~^~~~~
C:/esp/esp-adf/components/audio_pipeline/audio_element.c: In function 'audio_element_set_duration':
C:/esp/esp-adf/components/audio_pipeline/audio_element.c:1460:22: warning: passing argument 1 of 'mutex_lock' makes pointer from integer without a cast [-Wint-conversion]
 1460 |         mutex_lock(el->lock);
      |                    ~~^~~~~~
      |                      |
      |                      int
C:/esp/esp-adf/components/audio_sal/include/audio_mutex.h:60:22: note: expected 'void *' but argument is of type 'int'
   60 | int mutex_lock(void *mutex);
      |                ~~~~~~^~~~~
C:/esp/esp-adf/components/audio_pipeline/audio_element.c:1462:24: warning: passing argument 1 of 'mutex_unlock' makes pointer from integer without a cast [-Wint-conversion]
 1462 |         mutex_unlock(el->lock);
      |                      ~~^~~~~~
      |                        |
      |                        int
C:/esp/esp-adf/components/audio_sal/include/audio_mutex.h:69:24: note: expected 'void *' but argument is of type 'int'
   69 | int mutex_unlock(void *mutex);
      |                  ~~~~~~^~~~~
C:/esp/esp-adf/components/audio_pipeline/audio_element.c: In function 'audio_element_set_reserve_user0':
C:/esp/esp-adf/components/audio_pipeline/audio_element.c:1471:22: warning: passing argument 1 of 'mutex_lock' makes pointer from integer without a cast [-Wint-conversion]
 1471 |         mutex_lock(el->lock);
      |                    ~~^~~~~~
      |                      |
      |                      int
C:/esp/esp-adf/components/audio_sal/include/audio_mutex.h:60:22: note: expected 'void *' but argument is of type 'int'
   60 | int mutex_lock(void *mutex);
      |                ~~~~~~^~~~~
C:/esp/esp-adf/components/audio_pipeline/audio_element.c:1473:24: warning: passing argument 1 of 'mutex_unlock' makes pointer from integer without a cast [-Wint-conversion]
 1473 |         mutex_unlock(el->lock);
      |                      ~~^~~~~~
      |                        |
      |                        int
C:/esp/esp-adf/components/audio_sal/include/audio_mutex.h:69:24: note: expected 'void *' but argument is of type 'int'
   69 | int mutex_unlock(void *mutex);
      |                  ~~~~~~^~~~~
C:/esp/esp-adf/components/audio_pipeline/audio_element.c: In function 'audio_element_set_reserve_user1':
C:/esp/esp-adf/components/audio_pipeline/audio_element.c:1482:22: warning: passing argument 1 of 'mutex_lock' makes pointer from integer without a cast [-Wint-conversion]
 1482 |         mutex_lock(el->lock);
      |                    ~~^~~~~~
      |                      |
      |                      int
C:/esp/esp-adf/components/audio_sal/include/audio_mutex.h:60:22: note: expected 'void *' but argument is of type 'int'
   60 | int mutex_lock(void *mutex);
      |                ~~~~~~^~~~~
C:/esp/esp-adf/components/audio_pipeline/audio_element.c:1484:24: warning: passing argument 1 of 'mutex_unlock' makes pointer from integer without a cast [-Wint-conversion]
 1484 |         mutex_unlock(el->lock);
      |                      ~~^~~~~~
      |                        |
      |                        int
C:/esp/esp-adf/components/audio_sal/include/audio_mutex.h:69:24: note: expected 'void *' but argument is of type 'int'
   69 | int mutex_unlock(void *mutex);
      |                  ~~~~~~^~~~~
C:/esp/esp-adf/components/audio_pipeline/audio_element.c: In function 'audio_element_set_reserve_user2':
C:/esp/esp-adf/components/audio_pipeline/audio_element.c:1493:22: warning: passing argument 1 of 'mutex_lock' makes pointer from integer without a cast [-Wint-conversion]
 1493 |         mutex_lock(el->lock);
      |                    ~~^~~~~~
      |                      |
      |                      int
C:/esp/esp-adf/components/audio_sal/include/audio_mutex.h:60:22: note: expected 'void *' but argument is of type 'int'
   60 | int mutex_lock(void *mutex);
      |                ~~~~~~^~~~~
C:/esp/esp-adf/components/audio_pipeline/audio_element.c:1495:24: warning: passing argument 1 of 'mutex_unlock' makes pointer from integer without a cast [-Wint-conversion]
 1495 |         mutex_unlock(el->lock);
      |                      ~~^~~~~~
      |                        |
      |                        int
C:/esp/esp-adf/components/audio_sal/include/audio_mutex.h:69:24: note: expected 'void *' but argument is of type 'int'
   69 | int mutex_unlock(void *mutex);
      |                  ~~~~~~^~~~~
C:/esp/esp-adf/components/audio_pipeline/audio_element.c: In function 'audio_element_set_reserve_user3':
C:/esp/esp-adf/components/audio_pipeline/audio_element.c:1505:22: warning: passing argument 1 of 'mutex_lock' makes pointer from integer without a cast [-Wint-conversion]
 1505 |         mutex_lock(el->lock);
      |                    ~~^~~~~~
      |                      |
      |                      int
C:/esp/esp-adf/components/audio_sal/include/audio_mutex.h:60:22: note: expected 'void *' but argument is of type 'int'
   60 | int mutex_lock(void *mutex);
      |                ~~~~~~^~~~~
C:/esp/esp-adf/components/audio_pipeline/audio_element.c:1507:24: warning: passing argument 1 of 'mutex_unlock' makes pointer from integer without a cast [-Wint-conversion]
 1507 |         mutex_unlock(el->lock);
      |                      ~~^~~~~~
      |                        |
      |                        int
C:/esp/esp-adf/components/audio_sal/include/audio_mutex.h:69:24: note: expected 'void *' but argument is of type 'int'
   69 | int mutex_unlock(void *mutex);
      |                  ~~~~~~^~~~~
C:/esp/esp-adf/components/audio_pipeline/audio_element.c: In function 'audio_element_set_reserve_user4':
C:/esp/esp-adf/components/audio_pipeline/audio_element.c:1516:22: warning: passing argument 1 of 'mutex_lock' makes pointer from integer without a cast [-Wint-conversion]
 1516 |         mutex_lock(el->lock);
      |                    ~~^~~~~~
      |                      |
      |                      int
C:/esp/esp-adf/components/audio_sal/include/audio_mutex.h:60:22: note: expected 'void *' but argument is of type 'int'
   60 | int mutex_lock(void *mutex);
      |                ~~~~~~^~~~~
C:/esp/esp-adf/components/audio_pipeline/audio_element.c:1518:24: warning: passing argument 1 of 'mutex_unlock' makes pointer from integer without a cast [-Wint-conversion]
 1518 |         mutex_unlock(el->lock);
      |                      ~~^~~~~~
      |                        |
      |                        int
C:/esp/esp-adf/components/audio_sal/include/audio_mutex.h:69:24: note: expected 'void *' but argument is of type 'int'
   69 | int mutex_unlock(void *mutex);
      |                  ~~~~~~^~~~~
C:/esp/esp-adf/components/audio_pipeline/audio_element.c: In function 'audio_element_terminate':
C:/esp/esp-adf/components/audio_pipeline/audio_element.c:1152:1: error: control reaches end of non-void function [-Werror=return-type]
 1152 | }
      | ^
cc1.exe: some warnings being treated as errors
[848/1630] Performing configure step for 'bootloader'-- Found Git: C:/Program Files/Git/cmd/git.exe (found version "2.51.0.windows.1")
-- The C compiler identification is GNU 12.2.0
-- The CXX compiler identification is GNU 12.2.0
-- The ASM compiler identification is GNU
-- Found assembler: C:/Users/kenny/.espressif/tools/xtensa-esp32-elf/esp-12.2.0_20250801/xtensa-esp32-elf/bin/xtensa-esp32-elf-gcc.exe
-- Detecting C compiler ABI info
-- Detecting C compiler ABI info - done
-- Check for working C compiler: C:/Users/kenny/.espressif/tools/xtensa-esp32-elf/esp-12.2.0_20250801/xtensa-esp32-elf/bin/xtensa-esp32-elf-gcc.exe - skipped
-- Detecting C compile features
-- Detecting C compile features - done
-- Detecting CXX compiler ABI info
-- Detecting CXX compiler ABI info - done
-- Check for working CXX compiler: C:/Users/kenny/.espressif/tools/xtensa-esp32-elf/esp-12.2.0_20250801/xtensa-esp32-elf/bin/xtensa-esp32-elf-g++.exe - skipped
-- Detecting CXX compile features
-- Detecting CXX compile features - done
-- Building ESP-IDF components for target esp32
-- Project sdkconfig file C:/esp/projects/my_speech_enhancer/sdkconfig
Compiler supported targets: xtensa-esp32-elf

-- Looking for sys/types.h
-- Looking for sys/types.h - found
-- Looking for stdint.h
-- Looking for stdint.h - found
-- Looking for stddef.h
-- Looking for stddef.h - found
-- Check size of time_t
-- Check size of time_t - done
-- Adding linker script C:/esp2/v5.1/esp-idf/components/soc/esp32/ld/esp32.peripherals.ld
-- App "bootloader" version: v5.1.6-1062-g876bbf9c30-dirty
-- Adding linker script C:/esp2/v5.1/esp-idf/components/esp_rom/esp32/ld/esp32.rom.ld
-- Adding linker script C:/esp2/v5.1/esp-idf/components/esp_rom/esp32/ld/esp32.rom.api.ld
-- Adding linker script C:/esp2/v5.1/esp-idf/components/esp_rom/esp32/ld/esp32.rom.libgcc.ld
-- Adding linker script C:/esp2/v5.1/esp-idf/components/esp_rom/esp32/ld/esp32.rom.newlib-funcs.ld
-- Adding linker script C:/esp2/v5.1/esp-idf/components/bootloader/subproject/main/ld/esp32/bootloader.ld
-- Adding linker script C:/esp2/v5.1/esp-idf/components/bootloader/subproject/main/ld/esp32/bootloader.rom.ld
-- Components: bootloader bootloader_support efuse esp_app_format esp_common esp_hw_support esp_rom esp_system esptool_py freertos hal log main micro-ecc newlib partition_table soc spi_flash xtensa
-- Component paths: C:/esp2/v5.1/esp-idf/components/bootloader C:/esp2/v5.1/esp-idf/components/bootloader_support C:/esp2/v5.1/esp-idf/components/efuse C:/esp2/v5.1/esp-idf/components/esp_app_format C:/esp2/v5.1/esp-idf/components/esp_common C:/esp2/v5.1/esp-idf/components/esp_hw_support C:/esp2/v5.1/esp-idf/components/esp_rom C:/esp2/v5.1/esp-idf/components/esp_system C:/esp2/v5.1/esp-idf/components/esptool_py C:/esp2/v5.1/esp-idf/components/freertos C:/esp2/v5.1/esp-idf/components/hal C:/esp2/v5.1/esp-idf/components/log C:/esp2/v5.1/esp-idf/components/bootloader/subproject/main C:/esp2/v5.1/esp-idf/components/bootloader/subproject/components/micro-ecc C:/esp2/v5.1/esp-idf/components/newlib C:/esp2/v5.1/esp-idf/components/partition_table C:/esp2/v5.1/esp-idf/components/soc C:/esp2/v5.1/esp-idf/components/spi_flash C:/esp2/v5.1/esp-idf/components/xtensa
-- Configuring done (95.5s)
-- Generating done (8.0s)
-- Build files have been written to: C:/esp/projects/my_speech_enhancer/build/bootloader
ninja: build stopped: subcommand failed.
HINT: You are maybe using pre FreeRTOS V8.0.0 data types. The backward compatibility of such data types is no longer enabled by default. Please turn on CONFIG_FREERTOS_ENABLE_BACKWARD_COMPATIBILITY explicitly to use such data types.
HINT: You are maybe using pre FreeRTOS V8.0.0 APIs. The backward compatibility of such APIs is no longer enabled by default. Please turn on CONFIG_FREERTOS_ENABLE_BACKWARD_COMPATIBILITY explicitly to use such APIs.
ninja failed with exit code 1, output of the command is in the C:\esp\projects\my_speech_enhancer\build\log\idf_py_stderr_output_32916 and C:\esp\projects\my_speech_enhancer\build\log\idf_py_stdout_output_32916